<?xml version="1.0" encoding="UTF-8"?>
<testng-results skipped="0" failed="0" ignored="0" total="1" passed="1">
  <reporter-output>
  </reporter-output>
  <suite name="Default suite" duration-ms="59" started-at="2022-08-02T10:13:25 IST" finished-at="2022-08-02T10:13:25 IST">
    <groups>
    </groups>
    <test name="Default test" duration-ms="59" started-at="2022-08-02T10:13:25 IST" finished-at="2022-08-02T10:13:25 IST">
      <class name="Mavenparameter.Datagiven_Test">
        <test-method status="PASS" signature="logg()[pri:0, instance:Mavenparameter.Datagiven_Test@5faeada1]" name="logg" duration-ms="8" started-at="2022-08-02T10:13:25 IST" finished-at="2022-08-02T10:13:25 IST">
          <reporter-output>
          </reporter-output>
        </test-method> <!-- logg -->
      </class> <!-- Mavenparameter.Datagiven_Test -->
    </test> <!-- Default test -->
  </suite> <!-- Default suite -->
</testng-results>
